Traceback (most recent call last):
  File "/home/ec2-user/tipping-monster/generate_tip_results_csv_with_mode_FINAL.py", line 44, in <module>
    main()
  File "/home/ec2-user/tipping-monster/generate_tip_results_csv_with_mode_FINAL.py", line 34, in main
    df = load_tips_results()
         ^^^^^^^^^^^^^^^^^^^
  File "/home/ec2-user/tipping-monster/generate_tip_results_csv_with_mode_FINAL.py", line 13, in load_tips_results
    return pd.read_csv(f"{LOGS_DIR}/tips_results_raw_{TODAY}.csv")
           ^^^^^^^^^^^^^^^^^^^^^^^^^^^^^^^^^^^^^^^^^^^^^^^^^^^^^^^
  File "/home/ec2-user/tipping-monster/.venv/lib/python3.11/site-packages/pandas/io/parsers/readers.py", line 1026, in read_csv
    return _read(filepath_or_buffer, kwds)
           ^^^^^^^^^^^^^^^^^^^^^^^^^^^^^^^
  File "/home/ec2-user/tipping-monster/.venv/lib/python3.11/site-packages/pandas/io/parsers/readers.py", line 620, in _read
    parser = TextFileReader(filepath_or_buffer, **kwds)
             ^^^^^^^^^^^^^^^^^^^^^^^^^^^^^^^^^^^^^^^^^^
  File "/home/ec2-user/tipping-monster/.venv/lib/python3.11/site-packages/pandas/io/parsers/readers.py", line 1620, in __init__
    self._engine = self._make_engine(f, self.engine)
                   ^^^^^^^^^^^^^^^^^^^^^^^^^^^^^^^^^
  File "/home/ec2-user/tipping-monster/.venv/lib/python3.11/site-packages/pandas/io/parsers/readers.py", line 1880, in _make_engine
    self.handles = get_handle(
                   ^^^^^^^^^^^
  File "/home/ec2-user/tipping-monster/.venv/lib/python3.11/site-packages/pandas/io/common.py", line 873, in get_handle
    handle = open(
             ^^^^^
FileNotFoundError: [Errno 2] No such file or directory: 'logs/tips_results_raw_2025-06-03.csv'
Traceback (most recent call last):
  File "/home/ec2-user/tipping-monster/generate_tip_results_csv_with_mode_FINAL.py", line 44, in <module>
    main()
  File "/home/ec2-user/tipping-monster/generate_tip_results_csv_with_mode_FINAL.py", line 34, in main
    df = load_tips_results()
         ^^^^^^^^^^^^^^^^^^^
  File "/home/ec2-user/tipping-monster/generate_tip_results_csv_with_mode_FINAL.py", line 13, in load_tips_results
    return pd.read_csv(f"{LOGS_DIR}/tips_results_raw_{TODAY}.csv")
           ^^^^^^^^^^^^^^^^^^^^^^^^^^^^^^^^^^^^^^^^^^^^^^^^^^^^^^^
  File "/home/ec2-user/tipping-monster/.venv/lib/python3.11/site-packages/pandas/io/parsers/readers.py", line 1026, in read_csv
    return _read(filepath_or_buffer, kwds)
           ^^^^^^^^^^^^^^^^^^^^^^^^^^^^^^^
  File "/home/ec2-user/tipping-monster/.venv/lib/python3.11/site-packages/pandas/io/parsers/readers.py", line 620, in _read
    parser = TextFileReader(filepath_or_buffer, **kwds)
             ^^^^^^^^^^^^^^^^^^^^^^^^^^^^^^^^^^^^^^^^^^
  File "/home/ec2-user/tipping-monster/.venv/lib/python3.11/site-packages/pandas/io/parsers/readers.py", line 1620, in __init__
    self._engine = self._make_engine(f, self.engine)
                   ^^^^^^^^^^^^^^^^^^^^^^^^^^^^^^^^^
  File "/home/ec2-user/tipping-monster/.venv/lib/python3.11/site-packages/pandas/io/parsers/readers.py", line 1880, in _make_engine
    self.handles = get_handle(
                   ^^^^^^^^^^^
  File "/home/ec2-user/tipping-monster/.venv/lib/python3.11/site-packages/pandas/io/common.py", line 873, in get_handle
    handle = open(
             ^^^^^
FileNotFoundError: [Errno 2] No such file or directory: 'logs/tips_results_raw_2025-06-03.csv'
Traceback (most recent call last):
  File "/home/ec2-user/tipping-monster/generate_tip_results_csv_with_mode_FINAL.py", line 44, in <module>
    main()
  File "/home/ec2-user/tipping-monster/generate_tip_results_csv_with_mode_FINAL.py", line 34, in main
    df = load_tips_results()
         ^^^^^^^^^^^^^^^^^^^
  File "/home/ec2-user/tipping-monster/generate_tip_results_csv_with_mode_FINAL.py", line 13, in load_tips_results
    return pd.read_csv(f"{LOGS_DIR}/tips_results_raw_{TODAY}.csv")
           ^^^^^^^^^^^^^^^^^^^^^^^^^^^^^^^^^^^^^^^^^^^^^^^^^^^^^^^
  File "/home/ec2-user/tipping-monster/.venv/lib/python3.11/site-packages/pandas/io/parsers/readers.py", line 1026, in read_csv
    return _read(filepath_or_buffer, kwds)
           ^^^^^^^^^^^^^^^^^^^^^^^^^^^^^^^
  File "/home/ec2-user/tipping-monster/.venv/lib/python3.11/site-packages/pandas/io/parsers/readers.py", line 620, in _read
    parser = TextFileReader(filepath_or_buffer, **kwds)
             ^^^^^^^^^^^^^^^^^^^^^^^^^^^^^^^^^^^^^^^^^^
  File "/home/ec2-user/tipping-monster/.venv/lib/python3.11/site-packages/pandas/io/parsers/readers.py", line 1620, in __init__
    self._engine = self._make_engine(f, self.engine)
                   ^^^^^^^^^^^^^^^^^^^^^^^^^^^^^^^^^
  File "/home/ec2-user/tipping-monster/.venv/lib/python3.11/site-packages/pandas/io/parsers/readers.py", line 1880, in _make_engine
    self.handles = get_handle(
                   ^^^^^^^^^^^
  File "/home/ec2-user/tipping-monster/.venv/lib/python3.11/site-packages/pandas/io/common.py", line 873, in get_handle
    handle = open(
             ^^^^^
FileNotFoundError: [Errno 2] No such file or directory: 'logs/tips_results_raw_2025-06-03.csv'
