[+] Using odds: odds_snapshots/2025-05-24_04-00.json
[+] Reading tips: predictions/2025-05-24/output.jsonl

[🧪] Sample standardization output for debugging:

[ODDS]  Haydock 12:15  |  Horse: Great Chieftain
[ODDS]  Haydock 12:15  |  Horse: No Retreat
[ODDS]  Haydock 12:15  |  Horse: Dashing Darcey
[ODDS]  Haydock 12:15  |  Horse: Lattam
[ODDS]  Haydock 12:15  |  Horse: Theoryofeverything
[✓] Merged 0 tips with odds → predictions/2025-05-24/tips_with_odds.jsonl
[+] Using odds: odds_snapshots/2025-05-24_04-00.json
[+] Reading tips: predictions/2025-05-24/output.jsonl

[🧪] Sample standardization output for debugging:

[ODDS]  Haydock 12:15  |  Horse: Great Chieftain
[ODDS]  Haydock 12:15  |  Horse: No Retreat
[ODDS]  Haydock 12:15  |  Horse: Dashing Darcey
[ODDS]  Haydock 12:15  |  Horse: Lattam
[ODDS]  Haydock 12:15  |  Horse: Theoryofeverything
[✓] Merged 0 tips with odds → predictions/2025-05-24/tips_with_odds.jsonl
[+] Using odds: odds_snapshots/2025-05-24_04-00.json
[+] Reading tips: predictions/2025-05-24/output.jsonl

[🧪] Sample standardization output for debugging:

[ODDS]  Haydock 12:15  |  Horse: Great Chieftain
[ODDS]  Haydock 12:15  |  Horse: No Retreat
[ODDS]  Haydock 12:15  |  Horse: Dashing Darcey
[ODDS]  Haydock 12:15  |  Horse: Lattam
[ODDS]  Haydock 12:15  |  Horse: Theoryofeverything
[✓] Merged 0 tips with odds → predictions/2025-05-24/tips_with_odds.jsonl
[+] Using odds: odds_snapshots/2025-05-24_04-00.json
[+] Reading tips: predictions/2025-05-24/output.jsonl

[🧪] Sample standardization output for debugging:

[ODDS]  Haydock 12:15  |  Horse: Great Chieftain
[ODDS]  Haydock 12:15  |  Horse: No Retreat
[ODDS]  Haydock 12:15  |  Horse: Dashing Darcey
[ODDS]  Haydock 12:15  |  Horse: Lattam
[ODDS]  Haydock 12:15  |  Horse: Theoryofeverything
[✓] Merged 0 tips with odds → predictions/2025-05-24/tips_with_odds.jsonl
[+] Using odds: odds_snapshots/2025-05-24_04-00.json
[+] Reading tips: predictions/2025-05-24/output.jsonl

[🧪] Sample standardization output for debugging:

[TIP]   1:15 Haydock  |  Horse: Dashing Darcey
[TIP]   1:20 Curragh  |  Horse: Cisterna
[TIP]   1:30 Goodwood  |  Horse: Bob Mali
[TIP]   1:35 Beverley  |  Horse: Invincible Shadow
[TIP]   1:40 Catterick  |  Horse: Highfield Sunshine
[ODDS]  Haydock 12:15  |  Horse: Great Chieftain
[ODDS]  Haydock 12:15  |  Horse: No Retreat
[ODDS]  Haydock 12:15  |  Horse: Dashing Darcey
[ODDS]  Haydock 12:15  |  Horse: Lattam
[ODDS]  Haydock 12:15  |  Horse: Theoryofeverything
[✓] Merged 48 tips with odds → predictions/2025-05-24/tips_with_odds.jsonl
[!] Unmatched tips:
   - Cisterna in 1:20 Curragh
   - Bob Mali in 1:30 Goodwood
   - Invincible Shadow in 1:35 Beverley
   - Brise Noir in 1:50 Bordeaux Le Bouscat
   - Final Voyage in 2:30 Curragh
   - Irish Fire in 3:00 Klampenborg
   - Bluegrass in 3:45 Goodwood
   - Daring Legend in 3:55 Beverley
   - Iceford in 5:25 Curragh
   - Vivy Air in 5:38 Doomben
   - Cezarro in 5:55 Curragh
   - Silver State in 6:00 Windsor
   - Floating in 6:57 Doomben
   - Dandy G Boy in 7:20 Salisbury
   - Wootton Palace in 7:50 Salisbury
[+] Using odds: odds_snapshots/2025-05-25_07-44.json
[+] Reading tips: predictions/2025-05-25/output.jsonl

[🧪] Sample standardization output for debugging:

[TIP]   1:20 Curragh  |  Horse: Dancing Saxon
[TIP]   1:33 Longchamp  |  Horse: Lake Forest
[TIP]   1:48 Fontwell  |  Horse: Lightning Maqueen
[TIP]   1:55 Curragh  |  Horse: Shes Too Kool
[TIP]   2:03 Uttoxeter  |  Horse: East Eagle
[ODDS]  Curragh 12:20  |  Horse: Cape Sounion
[ODDS]  Curragh 12:20  |  Horse: Beautify
[ODDS]  Curragh 12:20  |  Horse: Balantina
[ODDS]  Curragh 12:20  |  Horse: Paris Carver
[ODDS]  Curragh 12:20  |  Horse: Amerilis
[✓] Merged 25 tips with odds → predictions/2025-05-25/tips_with_odds.jsonl
[!] Unmatched tips:
   - Lake Forest in 1:33 Longchamp
   - Shes Too Kool in 1:55 Curragh
   - Elmalka in 2:45 Longchamp
   - Brave Bairn in 2:48 Kelso
   - Quebec in 3:15 Dusseldorf
   - Dubai Future in 3:28 Longchamp
   - Arch Enemy in 4:50 Curragh
   - Young Fighter in 5:30 Sha Tin
   - Invincible Ibis in 6:00 Sha Tin
   - Voyage Boss in 6:30 Sha Tin
   - Packing Hermod in 7:00 Sha Tin
   - He Was Me in 7:30 Sha Tin
   - Embroidery in 7:40 Tokyo
   - Special Hedge in 8:00 Sha Tin
   - Galvanic in 8:40 Sha Tin
   - Rubylot in 9:10 Sha Tin
   - Metro Power in 9:45 Sha Tin
   - Sharpen Bright in 10:20 Sha Tin
   - Ka Ying Superb in 10:55 Sha Tin
[+] Using odds: odds_snapshots/2025-05-26_04-00.json
[+] Reading tips: predictions/2025-05-26/output.jsonl

[🧪] Sample standardization output for debugging:

[TIP]   1:00 Santa Anita  |  Horse: Zio Jo
[TIP]   1:45 Redcar  |  Horse: Our Hero Matty
[TIP]   1:55 Leicester  |  Horse: Temur Khan
[TIP]   2:01 Huntingdon  |  Horse: Dear Ralphy
[TIP]   2:10 Windsor  |  Horse: Stalingrad
[ODDS]  Redcar 12:45  |  Horse: High Rubican
[ODDS]  Redcar 12:45  |  Horse: Dubai Time
[ODDS]  Redcar 12:45  |  Horse: Miss Yechance
[ODDS]  Redcar 12:45  |  Horse: Naanas Shadow
[ODDS]  Leicester 12:55  |  Horse: Crowd Quake
[✓] Merged 36 tips with odds → predictions/2025-05-26/tips_with_odds.jsonl
[!] Unmatched tips:
   - Zio Jo in 1:00 Santa Anita
   - Our Hero Matty in 1:45 Redcar
   - Temur Khan in 1:55 Leicester
   - Lady Mendoza in 2:55 Cartmel
   - Capotes Dream in 3:20 Windsor
   - Chaturanga in 4:30 Windsor
   - Mic Drop in 5:30 Ballinrobe
   - No Show Sammy Jo in 11:59 Santa Anita
[+] Using odds: odds_snapshots/2025-05-27_0500.json
[+] Reading tips: predictions/2025-05-27/output.jsonl

[🧪] Sample standardization output for debugging:

[TIP]   1:08 Santa Anita  |  Horse: Zio Jo
[TIP]   2:00 Leicester  |  Horse: Wyle Cop
[TIP]   2:20 Redcar  |  Horse: Rivera Queen
[TIP]   2:30 Leicester  |  Horse: Urban Sky
[TIP]   2:40 Brighton  |  Horse: Spanish Mane
[ODDS]  Leicester 13:00  |  Horse: Hey Tru Blue
[ODDS]  Leicester 13:00  |  Horse: Mr Writer
[ODDS]  Leicester 13:00  |  Horse: Egoli
[ODDS]  Leicester 13:00  |  Horse: Rock On Thunder
[ODDS]  Leicester 13:00  |  Horse: Wyle Cop
[✓] Merged 33 tips with odds → predictions/2025-05-27/tips_with_odds.jsonl
[!] Unmatched tips:
   - Zio Jo in 1:08 Santa Anita
   - Rivera Queen in 2:20 Redcar
   - Dragon Warrior in 3:20 Redcar
   - Straighttothepoint in 3:30 Leicester
   - Ratafia in 4:20 Redcar
   - Betty Bassett in 4:35 Leicester
   - La Tulipe Noire in 5:20 Tipperary
   - Hobart in 7:30 Ballinrobe
   - Ballinoe Blaze in 8:00 Ballinrobe
   - Be Your Best in 12:08 Santa Anita
[+] Using odds: odds_snapshots/2025-05-28_0500.json
[+] Reading tips: predictions/2025-05-28/output.jsonl

[🧪] Sample standardization output for debugging:

[TIP]   1:10 Happy Valley  |  Horse: Super Charizzard
[TIP]   1:40 Happy Valley  |  Horse: Jubilant Winner
[TIP]   2:00 Hamilton  |  Horse: Victor Cee
[TIP]   2:10 Happy Valley  |  Horse: Super Pace
[TIP]   2:10 Beverley  |  Horse: Carnation Queen
[ODDS]  Hamilton 13:00  |  Horse: Storm Force
[ODDS]  Hamilton 13:00  |  Horse: Victor Cee
[ODDS]  Hamilton 13:00  |  Horse: Mo Of Cairo
[ODDS]  Hamilton 13:00  |  Horse: Azizam
[ODDS]  Hamilton 13:00  |  Horse: Kodigara
[✓] Merged 36 tips with odds → predictions/2025-05-28/tips_with_odds.jsonl
[!] Unmatched tips:
   - Super Charizzard in 1:10 Happy Valley
   - Jubilant Winner in 1:40 Happy Valley
   - Super Pace in 2:10 Happy Valley
   - Top Bins in 2:30 Hamilton
   - Samarkand in 2:45 Happy Valley
   - Harswell Duke in 3:00 Hamilton
   - California Banner in 3:15 Happy Valley
   - Lesrico in 3:40 Beverley
   - Star Performer in 3:50 Happy Valley
   - Clansman in 4:30 Hamilton
   - Sassy Glory in 4:40 Beverley
   - Club Manager in 5:30 Wexford
   - Chantilly Rose in 8:10 Cartmel
   - Wind Speeder in 11:40 Happy Valley
   - Wood On Fire in 12:10 Happy Valley
   - Hakka Radiance in 12:40 Happy Valley
[+] Using odds: odds_snapshots/2025-05-29_0850.json
[+] Reading tips: predictions/2025-05-29/output.jsonl

[🧪] Sample standardization output for debugging:

[TIP]   2:10 Yarmouth  |  Horse: Create
[TIP]   2:20 Ripon  |  Horse: Alex Supreme
[TIP]   2:30 Lingfield (AW)  |  Horse: Balgowan
[TIP]   2:40 Yarmouth  |  Horse: Rodeo
[TIP]   2:50 Ripon  |  Horse: Aoifes Thunder
[ODDS]  Yarmouth 13:10  |  Horse: Crowd Quake
[ODDS]  Yarmouth 13:10  |  Horse: Kessaar Power
[ODDS]  Yarmouth 13:10  |  Horse: Create
[ODDS]  Yarmouth 13:10  |  Horse: Edvard Grieg
[ODDS]  Yarmouth 13:10  |  Horse: United Force
[✓] Merged 36 tips with odds → predictions/2025-05-29/tips_with_odds.jsonl
[!] Unmatched tips:
   - Aoifes Thunder in 2:50 Ripon
   - Triple Charged in 3:20 Ripon
   - Switsch in 3:35 Baden-Baden
   - Solar Saving in 3:40 Yarmouth
   - Big Meeting in 3:50 Ripon
   - Jordanella in 3:55 Le Lion-D'Angers
   - Golden Prosperity in 4:20 Ripon
   - Surprise Again in 4:30 Lingfield
   - Magyar in 5:25 Fairyhouse
   - First Company in 5:50 Carlisle
   - Looks Fantastic in 6:05 Sandown
   - Masterstonemason in 6:12 Limerick
   - Lady Nightingale in 6:42 Limerick
   - Miss Laura in 6:45 Le Lion-D'Angers
[+] Using odds: odds_snapshots/2025-05-29_0850.json
[+] Reading tips: predictions/2025-05-29/output.jsonl

[🧪] Sample standardization output for debugging:

[TIP]   2:10 Yarmouth  |  Horse: Create
[TIP]   2:20 Ripon  |  Horse: Alex Supreme
[TIP]   2:30 Lingfield (AW)  |  Horse: Balgowan
[TIP]   2:40 Yarmouth  |  Horse: Rodeo
[TIP]   2:50 Ripon  |  Horse: Aoifes Thunder
[ODDS]  Yarmouth 13:10  |  Horse: Crowd Quake
[ODDS]  Yarmouth 13:10  |  Horse: Kessaar Power
[ODDS]  Yarmouth 13:10  |  Horse: Create
[ODDS]  Yarmouth 13:10  |  Horse: Edvard Grieg
[ODDS]  Yarmouth 13:10  |  Horse: United Force
[✓] Merged 36 tips with odds → predictions/2025-05-29/tips_with_odds.jsonl
[!] Unmatched tips:
   - Aoifes Thunder in 2:50 Ripon
   - Triple Charged in 3:20 Ripon
   - Switsch in 3:35 Baden-Baden
   - Solar Saving in 3:40 Yarmouth
   - Big Meeting in 3:50 Ripon
   - Jordanella in 3:55 Le Lion-D'Angers
   - Golden Prosperity in 4:20 Ripon
   - Surprise Again in 4:30 Lingfield
   - Magyar in 5:25 Fairyhouse
   - First Company in 5:50 Carlisle
   - Looks Fantastic in 6:05 Sandown
   - Masterstonemason in 6:12 Limerick
   - Lady Nightingale in 6:42 Limerick
   - Miss Laura in 6:45 Le Lion-D'Angers
[+] Using odds: odds_snapshots/2025-05-29_0854.json
[+] Reading tips: predictions/2025-05-29/output.jsonl

[🧪] Sample standardization output for debugging:

[TIP]   2:10 Yarmouth  |  Horse: Create
[TIP]   2:20 Ripon  |  Horse: Alex Supreme
[TIP]   2:30 Lingfield (AW)  |  Horse: Balgowan
[TIP]   2:40 Yarmouth  |  Horse: Rodeo
[TIP]   2:50 Ripon  |  Horse: Aoifes Thunder
[ODDS]  Yarmouth 13:10  |  Horse: Crowd Quake
[ODDS]  Yarmouth 13:10  |  Horse: Kessaar Power
[ODDS]  Yarmouth 13:10  |  Horse: Create
[ODDS]  Yarmouth 13:10  |  Horse: Edvard Grieg
[ODDS]  Yarmouth 13:10  |  Horse: United Force
[✓] Merged 36 tips with odds → predictions/2025-05-29/tips_with_odds.jsonl
[!] Unmatched tips:
   - Aoifes Thunder in 2:50 Ripon
   - Triple Charged in 3:20 Ripon
   - Switsch in 3:35 Baden-Baden
   - Solar Saving in 3:40 Yarmouth
   - Big Meeting in 3:50 Ripon
   - Jordanella in 3:55 Le Lion-D'Angers
   - Golden Prosperity in 4:20 Ripon
   - Surprise Again in 4:30 Lingfield
   - Magyar in 5:25 Fairyhouse
   - First Company in 5:50 Carlisle
   - Looks Fantastic in 6:05 Sandown
   - Masterstonemason in 6:12 Limerick
   - Lady Nightingale in 6:42 Limerick
   - Miss Laura in 6:45 Le Lion-D'Angers
[+] Using odds: odds_snapshots/2025-05-30_0850.json
[+] Reading tips: predictions/2025-05-30/output.jsonl

[🧪] Sample standardization output for debugging:

[TIP]   1:45 Carlisle  |  Horse: Reel Her In
[TIP]   1:55 Chepstow  |  Horse: Pub Crawl
[TIP]   2:05 Brighton  |  Horse: Dark Sorceress
[TIP]   2:15 Carlisle  |  Horse: Dandy Style
[TIP]   2:25 Chepstow  |  Horse: Buck Barrow
[ODDS]  Carlisle 12:45  |  Horse: Reel Her In
[ODDS]  Carlisle 12:45  |  Horse: Corsican Caper
[ODDS]  Carlisle 12:45  |  Horse: Time Tells All
[ODDS]  Carlisle 12:45  |  Horse: Bollin Neil
[ODDS]  Carlisle 12:45  |  Horse: Ebony Maw
[✓] Merged 48 tips with odds → predictions/2025-05-30/tips_with_odds.jsonl
[!] Unmatched tips:
   - George Sansevero in 2:55 Chepstow
   - Dibble Dabble in 3:45 Carlisle
   - Laurie Blue in 5:05 Tramore
   - Bloodhound in 5:30 Haydock
   - Final Night in 7:15 Haydock
   - Keep D Change in 7:20 Tramore
[+] Using odds: odds_snapshots/2025-05-31_0850.json
[+] Reading tips: predictions/2025-05-31/output.jsonl

[🧪] Sample standardization output for debugging:

[TIP]   1:13 Haydock  |  Horse: Galyx
[TIP]   1:30 York  |  Horse: Beyond Borders
[TIP]   1:35 Chester  |  Horse: Princess Amber
[TIP]   1:48 Haydock  |  Horse: Sergeant Wilko
[TIP]   1:55 Listowel  |  Horse: Jane Eire
[ODDS]  Haydock 12:13  |  Horse: Shader
[ODDS]  Haydock 12:13  |  Horse: Stressfree
[ODDS]  Haydock 12:13  |  Horse: Steel Tiger
[ODDS]  Haydock 12:13  |  Horse: Lieber Power
[ODDS]  Haydock 12:13  |  Horse: Fox Journey
[✓] Merged 45 tips with odds → predictions/2025-05-31/tips_with_odds.jsonl
[!] Unmatched tips:
   - Beyond Borders in 1:30 York
   - Purest Time in 2:10 Chester
   - Kalibre in 2:15 Auteuil
   - Willuhaveamineral in 2:30 Listowel
   - Eagle Emblem in 2:50 Baden-Baden
   - Toor Moon in 3:40 Listowel
   - Better Than Heaven in 4:48 Listowel
   - Lake Okeechobee in 5:20 Listowel
   - Sevensees in 5:25 Southwell (AW)
   - Circuit Mighty in 5:30 Sha Tin
   - Pebble Bleu in 5:45 Tramore
   - Flowing Riches in 6:00 Sha Tin
   - Bosustow in 6:13 Eagle Farm
   - Suite Antique in 6:25 Southwell (AW)
   - Prestige Hall in 6:30 Sha Tin
   - Statuario in 6:52 Eagle Farm
   - Precision Goal in 7:00 Sha Tin
   - Chartwells Lady in 7:15 Tramore
   - Cherry Tree Dawn in 7:25 Southwell (AW)
   - Fun Together in 7:30 Sha Tin
   - Divano in 8:00 Sha Tin
   - For My Mother in 8:15 Tramore
   - Regal Gem in 8:35 Sha Tin
   - Leading Lion in 9:00 Stratford
   - Victor The Winner in 9:05 Sha Tin
   - Ka Ying Attack in 9:40 Sha Tin
   - Self Improvement in 10:15 Sha Tin
   - Young Brilliant in 10:50 Sha Tin
[+] Using odds: odds_snapshots/2025-06-01_0850.json
[+] Reading tips: predictions/2025-06-01/output.jsonl

[🧪] Sample standardization output for debugging:

[TIP]   1:05 Chantilly  |  Horse: Kimi Rey
[TIP]   1:30 Baden-Baden  |  Horse: Certain Lad
[TIP]   1:40 Chantilly  |  Horse: Coto De Caza
[TIP]   1:55 Nottingham  |  Horse: Shes A Goldigger
[TIP]   2:02 Listowel  |  Horse: Sanctijude
[ODDS]  Nottingham 12:55  |  Horse: Captain Cess
[ODDS]  Nottingham 12:55  |  Horse: French Haven
[ODDS]  Nottingham 12:55  |  Horse: Pay Attention
[ODDS]  Nottingham 12:55  |  Horse: Classic Cause
[ODDS]  Nottingham 12:55  |  Horse: Zaraquelle
[✓] Merged 21 tips with odds → predictions/2025-06-01/tips_with_odds.jsonl
[!] Unmatched tips:
   - Kimi Rey in 1:05 Chantilly
   - Certain Lad in 1:30 Baden-Baden
   - Coto De Caza in 1:40 Chantilly
   - Sanctijude in 2:02 Listowel
   - Belle Coko in 2:12 Kilbeggan
   - Tigress Of Gaul in 2:20 Chantilly
   - Luther in 3:05 Chantilly
   - Theanniversary Man in 3:17 Kilbeggan
   - Kilt in 3:40 Listowel
   - Monsieur Beaulieu in 3:45 Chelmsford (AW)
   - Glanworth in 3:50 Chantilly
   - Hell Left Loose in 4:10 Listowel
   - Amazing Journey in 4:15 Chelmsford (AW)
   - Karacole in 4:22 Kilbeggan
   - Russian Rumour in 4:30 Nottingham
   - Wahraan in 4:45 Chelmsford (AW)
   - Sunly in 5:00 Chantilly
   - Probe in 5:15 Chelmsford (AW)
   - Junko in 5:35 Chantilly
   - Night On Earth in 5:45 Chelmsford (AW)
   - My Margie in 6:15 Chelmsford (AW)
   - Coppersmith in 6:45 Chelmsford (AW)
   - Labeling in 7:15 Kyoto
   - Readiness in 7:40 Tokyo
   - My Universe in 8:05 Kyoto
[+] Using odds: odds_snapshots/2025-06-02_0850.json
[+] Reading tips: predictions/2025-06-02/output.jsonl

[🧪] Sample standardization output for debugging:

[TIP]   1:32 Gowran Park  |  Horse: In My Teens
[TIP]   1:40 Market Rasen  |  Horse: Coeur De Coeurs
[TIP]   1:55 Listowel  |  Horse: Mile End
[TIP]   2:07 Gowran Park  |  Horse: Asisaid
[TIP]   2:15 Market Rasen  |  Horse: Tiny Tantrum
[ODDS]  Gowran Park 12:32  |  Horse: Dancing Teapot
[ODDS]  Gowran Park 12:32  |  Horse: Joyful Princess
[ODDS]  Gowran Park 12:32  |  Horse: Chocalho
[ODDS]  Gowran Park 12:32  |  Horse: Sennas Girl
[ODDS]  Gowran Park 12:32  |  Horse: Little Miss P
[✓] Merged 35 tips with odds → predictions/2025-06-02/tips_with_odds.jsonl
[!] Unmatched tips:
   - Coeur De Coeurs in 1:40 Market Rasen
   - Spinning Dancer in 3:35 Brighton
   - Tamburo in 4:00 Capannelle
   - Kayhana in 4:27 Gowran Park
   - Tigrr in 4:40 Capannelle
   - Heartbreak Prince in 5:00 Gowran Park
   - Sunny Time in 5:15 Brighton
   - Be Lucky Bear in 6:45 Windsor
   - Devizes in 8:15 Windsor
[+] Using odds: odds_snapshots/2025-06-03_0850.json
[+] Reading tips: predictions/2025-06-03/output.jsonl

[🧪] Sample standardization output for debugging:

[TIP]   2:17 Leicester  |  Horse: Leading Star Girl
[TIP]   2:30 Southwell  |  Horse: Beny Nahar Road
[TIP]   2:47 Leicester  |  Horse: Amberia
[TIP]   3:00 Southwell  |  Horse: Montregard
[TIP]   3:17 Leicester  |  Horse: Creciente
[ODDS]  Leicester 13:17  |  Horse: Ottoman
[ODDS]  Leicester 13:17  |  Horse: Shabu Shabu
[ODDS]  Leicester 13:17  |  Horse: Respiro Solitario
[ODDS]  Leicester 13:17  |  Horse: Emily Rebecca
[ODDS]  Leicester 13:17  |  Horse: Abstract Art
[✓] Merged 21 tips with odds → predictions/2025-06-03/tips_with_odds.jsonl
[!] Unmatched tips:
   - Leading Star Girl in 2:17 Leicester
   - Quite Sweet in 4:17 Leicester
   - Even Break in 5:00 Southwell
   - Prince Hector in 6:45 Lingfield (AW)
   - Snooze Lane in 8:00 Wolverhampton (AW)
[+] Using odds: odds_snapshots/2025-06-03_0903.json
[+] Reading tips: predictions/2025-06-03/output.jsonl

[🧪] Sample standardization output for debugging:

[TIP]   2:17 Leicester  |  Horse: Leading Star Girl
[TIP]   2:30 Southwell  |  Horse: Beny Nahar Road
[TIP]   2:47 Leicester  |  Horse: Amberia
[TIP]   3:00 Southwell  |  Horse: Montregard
[TIP]   3:17 Leicester  |  Horse: Creciente
[ODDS]  Leicester 13:17  |  Horse: Shabu Shabu
[ODDS]  Leicester 13:17  |  Horse: Respiro Solitario
[ODDS]  Leicester 13:17  |  Horse: Ottoman
[ODDS]  Leicester 13:17  |  Horse: Emily Rebecca
[ODDS]  Leicester 13:17  |  Horse: Helaali
[✓] Merged 21 tips with odds → predictions/2025-06-03/tips_with_odds.jsonl
[!] Unmatched tips:
   - Leading Star Girl in 2:17 Leicester
   - Quite Sweet in 4:17 Leicester
   - Even Break in 5:00 Southwell
   - Prince Hector in 6:45 Lingfield (AW)
   - Snooze Lane in 8:00 Wolverhampton (AW)
[+] Using odds: odds_snapshots/2025-06-04_0850.json
[+] Reading tips: predictions/2025-06-04/output.jsonl

[🧪] Sample standardization output for debugging:

[TIP]   1:10 Happy Valley  |  Horse: To Infinity
[TIP]   1:40 Happy Valley  |  Horse: Loving Vibes
[TIP]   2:05 Newton Abbot  |  Horse: Keel Strand
[TIP]   2:10 Happy Valley  |  Horse: Osi Honour
[TIP]   2:22 Nottingham  |  Horse: Lord Harcourt
[ODDS]  Newton Abbot 13:05  |  Horse: Knights Affair
[ODDS]  Newton Abbot 13:05  |  Horse: Keel Strand
[ODDS]  Newton Abbot 13:05  |  Horse: Chief Black Robe
[ODDS]  Newton Abbot 13:05  |  Horse: Highway Hero
[ODDS]  Newton Abbot 13:05  |  Horse: Oval Street
[✓] Merged 26 tips with odds → predictions/2025-06-04/tips_with_odds.jsonl
[!] Unmatched tips:
   - To Infinity in 1:10 Happy Valley
   - Loving Vibes in 1:40 Happy Valley
   - Osi Honour in 2:10 Happy Valley
   - Allcash in 2:45 Happy Valley
   - Excellence Value in 3:15 Happy Valley
   - Elfride in 3:35 Newton Abbot
   - Harmony N Blessed in 3:50 Happy Valley
   - Miss Marette in 4:35 Newton Abbot
   - Worldly in 5:15 Curragh
   - Island Of Skye in 5:30 Nottingham
   - Carloun in 5:40 Saratoga
   - Red Panda in 7:10 Warwick
   - Saisons Dor in 7:22 Ripon
   - Chief Of State in 8:22 Ripon
   - Gegenpressing in 8:30 Curragh
   - Joyful Champion in 11:40 Happy Valley
   - Floof in 12:10 Happy Valley
   - Incanto Star in 12:40 Happy Valley
[+] Using odds: odds_snapshots/2025-06-05_0850.json
[+] Reading tips: predictions/2025-06-05/output.jsonl

[🧪] Sample standardization output for debugging:

[TIP]   2:00 Uttoxeter  |  Horse: El Galactico
[TIP]   2:12 Hamilton  |  Horse: March Ahead
[TIP]   2:20 Lingfield (AW)  |  Horse: Certain Style
[TIP]   2:30 Uttoxeter  |  Horse: Roger Pol
[TIP]   2:42 Hamilton  |  Horse: Eternal Sunshine
[ODDS]  Uttoxeter 13:00  |  Horse: Miss Goldfire
[ODDS]  Uttoxeter 13:00  |  Horse: Deep Purple
[ODDS]  Uttoxeter 13:00  |  Horse: El Galactico
[ODDS]  Uttoxeter 13:00  |  Horse: Soldier At Arms
[ODDS]  Hamilton 13:12  |  Horse: Blue Nguru
[✓] Merged 30 tips with odds → predictions/2025-06-05/tips_with_odds.jsonl
[!] Unmatched tips:
   - Sultan Of Oj in 2:50 Lingfield (AW)
   - Sunshine And Roses in 5:00 Chelmsford (AW)
   - Who Is Alice in 5:35 Chelmsford (AW)
   - Prince Abu in 6:05 Chelmsford (AW)
   - Word Of Mouth in 6:35 Chelmsford (AW)
   - Loingseoir in 6:55 Leopardstown
   - Sea The Wonder in 7:07 Chelmsford (AW)
   - Dream Escape in 7:30 Leopardstown
   - Dancingwithmyself in 7:42 Chelmsford (AW)
   - James The Second in 8:05 Leopardstown
   - Elizabeth Bay in 8:17 Chelmsford (AW)
   - Ceira G in 8:47 Chelmsford (AW)
[+] Using odds: odds_snapshots/2025-06-06_0850.json
[+] Reading tips: predictions/2025-06-06/output.jsonl

[🧪] Sample standardization output for debugging:

[TIP]   1:15 Thirsk  |  Horse: Water Tiger
[TIP]   1:30 Epsom  |  Horse: The Waco Kid
[TIP]   1:40 Bangor-on-Dee  |  Horse: Herja
[TIP]   1:50 Thirsk  |  Horse: Patricia R
[TIP]   2:05 Epsom  |  Horse: Havana Hurricane
[ODDS]  Thirsk 12:15  |  Horse: In A Hurry
[ODDS]  Thirsk 12:15  |  Horse: Noble Testimony
[ODDS]  Thirsk 12:15  |  Horse: Believe In Lies
[ODDS]  Thirsk 12:15  |  Horse: Blunder
[ODDS]  Thirsk 12:15  |  Horse: Water Tiger
[✓] Merged 49 tips with odds → predictions/2025-06-06/tips_with_odds.jsonl
[!] Unmatched tips:
   - The Waco Kid in 1:30 Epsom
   - Obelix in 4:35 Epsom
   - Boyne Valley in 5:20 Fairyhouse
   - Oh So Charming in 6:45 Clonmel
   - Blue Moon Boy in 7:00 Fairyhouse
   - Mighty Ruler in 7:09 Goodwood
   - Picpoul in 8:10 Fairyhouse
   - Dorth Vader in 9:28 Saratoga
   - Bless The Broken in 10:46 Saratoga
   - Immensitude in 11:25 Saratoga
   - Excellent Truth in 12:04 Saratoga
