[+] Logging in...
[+] Fetching markets...
[+] Found 59 markets
[+] Fetching prices for batch 1 (markets 0 to 10
[+] Fetching prices for batch 2 (markets 10 to 20
[+] Fetching prices for batch 3 (markets 20 to 30
[+] Fetching prices for batch 4 (markets 30 to 40
[+] Fetching prices for batch 5 (markets 40 to 50
[+] Fetching prices for batch 6 (markets 50 to 59
[+] Saving 416 runner odds
[?] Odds snapshot saved to odds_snapshots/2025-05-24_04-00.json
[?] Odds snapshot uploaded to s3://tipping-monster/odds_snapshots/2025-05-24_04-00.json
[+] Logged out of Betfair API
[+] Logging in...
Traceback (most recent call last):
  File "/home/ec2-user/tipping-monster/fetch_betfair_odds.py", line 137, in <module>
    main()
  File "/home/ec2-user/tipping-monster/fetch_betfair_odds.py", line 33, in main
    trading.login()
  File "/home/ec2-user/tipping-monster/.venv/lib/python3.11/site-packages/betfairlightweight/endpoints/login.py", line 30, in __call__
    (response, response_json, elapsed_time) = self.request(
                                              ^^^^^^^^^^^^^
  File "/home/ec2-user/tipping-monster/.venv/lib/python3.11/site-packages/betfairlightweight/endpoints/login.py", line 64, in request
    self._error_handler(response_json)
  File "/home/ec2-user/tipping-monster/.venv/lib/python3.11/site-packages/betfairlightweight/endpoints/login.py", line 71, in _error_handler
    raise self._error(response)
betfairlightweight.exceptions.LoginError: API login: ACTIONS_REQUIRED
[+] Logging in...
Traceback (most recent call last):
  File "/home/ec2-user/tipping-monster/fetch_betfair_odds.py", line 137, in <module>
    main()
  File "/home/ec2-user/tipping-monster/fetch_betfair_odds.py", line 33, in main
    trading.login()
  File "/home/ec2-user/tipping-monster/.venv/lib/python3.11/site-packages/betfairlightweight/endpoints/login.py", line 30, in __call__
    (response, response_json, elapsed_time) = self.request(
                                              ^^^^^^^^^^^^^
  File "/home/ec2-user/tipping-monster/.venv/lib/python3.11/site-packages/betfairlightweight/endpoints/login.py", line 64, in request
    self._error_handler(response_json)
  File "/home/ec2-user/tipping-monster/.venv/lib/python3.11/site-packages/betfairlightweight/endpoints/login.py", line 71, in _error_handler
    raise self._error(response)
betfairlightweight.exceptions.LoginError: API login: ACTIONS_REQUIRED
[+] Logging in...
Traceback (most recent call last):
  File "/home/ec2-user/tipping-monster/fetch_betfair_odds.py", line 137, in <module>
    main()
  File "/home/ec2-user/tipping-monster/fetch_betfair_odds.py", line 33, in main
    trading.login()
  File "/home/ec2-user/tipping-monster/.venv/lib/python3.11/site-packages/betfairlightweight/endpoints/login.py", line 30, in __call__
    (response, response_json, elapsed_time) = self.request(
                                              ^^^^^^^^^^^^^
  File "/home/ec2-user/tipping-monster/.venv/lib/python3.11/site-packages/betfairlightweight/endpoints/login.py", line 64, in request
    self._error_handler(response_json)
  File "/home/ec2-user/tipping-monster/.venv/lib/python3.11/site-packages/betfairlightweight/endpoints/login.py", line 71, in _error_handler
    raise self._error(response)
betfairlightweight.exceptions.LoginError: API login: ACTIONS_REQUIRED
[+] Logging in...
Traceback (most recent call last):
  File "/home/ec2-user/tipping-monster/fetch_betfair_odds.py", line 137, in <module>
    main()
  File "/home/ec2-user/tipping-monster/fetch_betfair_odds.py", line 33, in main
    trading.login()
  File "/home/ec2-user/tipping-monster/.venv/lib/python3.11/site-packages/betfairlightweight/endpoints/login.py", line 30, in __call__
    (response, response_json, elapsed_time) = self.request(
                                              ^^^^^^^^^^^^^
  File "/home/ec2-user/tipping-monster/.venv/lib/python3.11/site-packages/betfairlightweight/endpoints/login.py", line 64, in request
    self._error_handler(response_json)
  File "/home/ec2-user/tipping-monster/.venv/lib/python3.11/site-packages/betfairlightweight/endpoints/login.py", line 71, in _error_handler
    raise self._error(response)
betfairlightweight.exceptions.LoginError: API login: ACTIONS_REQUIRED
[+] Logging in...
[+] Fetching markets...
[+] Found 28 markets
[+] Fetching batch 1
[+] Fetching batch 2
[+] Fetching batch 3
[+] Saving 193 runner odds to odds_snapshots/2025-05-25_07-44.json
[+] Uploading to S3...
[?] Uploaded to s3://tipping-monster/odds_snapshots/2025-05-25_07-44.json
[+] Logged out
[+] Logging in...
[+] Fetching markets...
[+] Found 42 markets
[+] Fetching batch 1
[+] Fetching batch 2
[+] Fetching batch 3
[+] Fetching batch 4
[+] Fetching batch 5
[+] Saving 356 runner odds to odds_snapshots/2025-05-26_04-00.json
[+] Uploading to S3...
[?] Uploaded to s3://tipping-monster/odds_snapshots/2025-05-26_04-00.json
[+] Logged out
[+] Logging in...
[+] Fetching markets...
[+] Found 41 markets
[+] Fetching batch 1
[+] Fetching batch 2
[+] Fetching batch 3
[+] Fetching batch 4
[+] Fetching batch 5
[+] Saving 389 runner odds to odds_snapshots/2025-05-27_0500.json
[+] Uploading to S3...
[?] Uploaded to s3://tipping-monster/odds_snapshots/2025-05-27_0500.json
[+] Logged out
[+] Logging in...
[+] Fetching markets...
[+] Found 43 markets
[+] Fetching batch 1
[+] Fetching batch 2
[+] Fetching batch 3
[+] Fetching batch 4
[+] Fetching batch 5
[+] Saving 371 runner odds to odds_snapshots/2025-05-28_0500.json
[+] Uploading to S3...
[?] Uploaded to s3://tipping-monster/odds_snapshots/2025-05-28_0500.json
[+] Logged out
[+] Logging in...
[+] Fetching markets...
[+] Found 48 markets
[+] Fetching batch 1
[+] Fetching batch 2
[+] Fetching batch 3
[+] Fetching batch 4
[+] Fetching batch 5
[+] Saving 433 runner odds to odds_snapshots/2025-05-29_0850.json
[+] Uploading to S3...
[?] Uploaded to s3://tipping-monster/odds_snapshots/2025-05-29_0850.json
[+] Logged out
[+] Logging in...
[+] Fetching markets...
[+] Found 48 markets
[+] Fetching batch 1
[+] Fetching batch 2
[+] Fetching batch 3
[+] Fetching batch 4
[+] Fetching batch 5
[+] Saving 433 runner odds to odds_snapshots/2025-05-29_0850.json
[+] Uploading to S3...
[?] Uploaded to s3://tipping-monster/odds_snapshots/2025-05-29_0850.json
[+] Logged out
[+] Logging in...
[+] Fetching markets...
[+] Found 48 markets
[+] Fetching batch 1
[+] Fetching batch 2
[+] Fetching batch 3
[+] Fetching batch 4
[+] Fetching batch 5
[+] Saving 433 runner odds to odds_snapshots/2025-05-29_0854.json
[+] Uploading to S3...
[?] Uploaded to s3://tipping-monster/odds_snapshots/2025-05-29_0854.json
[+] Logged out
[+] Logging in...
[+] Fetching markets...
[+] Found 54 markets
[+] Fetching batch 1
[+] Fetching batch 2
[+] Fetching batch 3
[+] Fetching batch 4
[+] Fetching batch 5
[+] Fetching batch 6
[+] Saving 445 runner odds to odds_snapshots/2025-05-30_0850.json
[+] Uploading to S3...
[?] Uploaded to s3://tipping-monster/odds_snapshots/2025-05-30_0850.json
[+] Logged out
[+] Logging in...
[+] Fetching markets...
[+] Found 58 markets
[+] Fetching batch 1
[+] Fetching batch 2
[+] Fetching batch 3
[+] Fetching batch 4
[+] Fetching batch 5
[+] Fetching batch 6
[+] Saving 517 runner odds to odds_snapshots/2025-05-31_0850.json
[+] Uploading to S3...
[?] Uploaded to s3://tipping-monster/odds_snapshots/2025-05-31_0850.json
[+] Logged out
[+] Logging in...
[+] Fetching markets...
[+] Found 35 markets
[+] Fetching batch 1
[+] Fetching batch 2
[+] Fetching batch 3
[+] Fetching batch 4
[+] Saving 306 runner odds to odds_snapshots/2025-06-01_0850.json
[+] Uploading to S3...
[?] Uploaded to s3://tipping-monster/odds_snapshots/2025-06-01_0850.json
[+] Logged out
[+] Logging in...
[+] Fetching markets...
[+] Found 42 markets
[+] Fetching batch 1
[+] Fetching batch 2
[+] Fetching batch 3
[+] Fetching batch 4
[+] Fetching batch 5
[+] Saving 363 runner odds to odds_snapshots/2025-06-02_0850.json
[+] Uploading to S3...
[?] Uploaded to s3://tipping-monster/odds_snapshots/2025-06-02_0850.json
[+] Logged out
[+] Logging in...
[+] Fetching markets...
[+] Found 26 markets
[+] Fetching batch 1
[+] Fetching batch 2
[+] Fetching batch 3
[+] Saving 193 runner odds to odds_snapshots/2025-06-03_0850.json
[+] Uploading to S3...
[?] Uploaded to s3://tipping-monster/odds_snapshots/2025-06-03_0850.json
[+] Logged out
[+] Logging in...
[+] Fetching markets...
[+] Found 26 markets
[+] Fetching batch 1
[+] Fetching batch 2
[+] Fetching batch 3
[+] Saving 193 runner odds to odds_snapshots/2025-06-03_0903.json
[+] Uploading to S3...
[?] Uploaded to s3://tipping-monster/odds_snapshots/2025-06-03_0903.json
[+] Logged out
[+] Logging in...
[+] Fetching markets...
[+] Found 34 markets
[+] Fetching batch 1
[+] Fetching batch 2
[+] Fetching batch 3
[+] Fetching batch 4
[+] Saving 262 runner odds to odds_snapshots/2025-06-04_0850.json
[+] Uploading to S3...
[?] Uploaded to s3://tipping-monster/odds_snapshots/2025-06-04_0850.json
[+] Logged out
[+] Logging in...
[+] Fetching markets...
[+] Found 42 markets
[+] Fetching batch 1
[+] Fetching batch 2
[+] Fetching batch 3
[+] Fetching batch 4
[+] Fetching batch 5
[+] Saving 313 runner odds to odds_snapshots/2025-06-05_0850.json
[+] Uploading to S3...
[?] Uploaded to s3://tipping-monster/odds_snapshots/2025-06-05_0850.json
[+] Logged out
[+] Logging in...
[+] Fetching markets...
[+] Found 56 markets
[+] Fetching batch 1
[+] Fetching batch 2
[+] Fetching batch 3
[+] Fetching batch 4
[+] Fetching batch 5
[+] Fetching batch 6
[+] Saving 476 runner odds to odds_snapshots/2025-06-06_0850.json
[+] Uploading to S3...
[?] Uploaded to s3://tipping-monster/odds_snapshots/2025-06-06_0850.json
[+] Logged out
