[+] Logging in...
[+] Fetching markets...
[+] Found 34 markets
[+] Fetching batch 1
[+] Fetching batch 2
[+] Fetching batch 3
[+] Fetching batch 4
[+] Saving 262 runner odds to odds_snapshots/2025-06-04_1205.json
[+] Uploading to S3...
[?] Uploaded to s3://tipping-monster/odds_snapshots/2025-06-04_1205.json
[+] Logged out
[+] Logging in...
[+] Fetching markets...
[+] Found 34 markets
[+] Fetching batch 1
[+] Fetching batch 2
[+] Fetching batch 3
[+] Fetching batch 4
[+] Saving 262 runner odds to odds_snapshots/2025-06-04_1305.json
[+] Uploading to S3...
[?] Uploaded to s3://tipping-monster/odds_snapshots/2025-06-04_1305.json
[+] Logged out
[+] Logging in...
[+] Fetching markets...
[+] Found 34 markets
[+] Fetching batch 1
[+] Fetching batch 2
[+] Fetching batch 3
[+] Fetching batch 4
[+] Saving 262 runner odds to odds_snapshots/2025-06-04_1405.json
[+] Uploading to S3...
[?] Uploaded to s3://tipping-monster/odds_snapshots/2025-06-04_1405.json
[+] Logged out
[+] Logging in...
[+] Fetching markets...
[+] Found 30 markets
[+] Fetching batch 1
[+] Fetching batch 2
[+] Fetching batch 3
[+] Saving 237 runner odds to odds_snapshots/2025-06-04_1505.json
[+] Uploading to S3...
[?] Uploaded to s3://tipping-monster/odds_snapshots/2025-06-04_1505.json
[+] Logged out
[+] Logging in...
[+] Fetching markets...
[+] Found 26 markets
[+] Fetching batch 1
[+] Fetching batch 2
[+] Fetching batch 3
[+] Saving 214 runner odds to odds_snapshots/2025-06-04_1605.json
[+] Uploading to S3...
[?] Uploaded to s3://tipping-monster/odds_snapshots/2025-06-04_1605.json
[+] Logged out
[+] Logging in...
[+] Fetching markets...
[+] Found 21 markets
[+] Fetching batch 1
[+] Fetching batch 2
[+] Fetching batch 3
[+] Saving 174 runner odds to odds_snapshots/2025-06-04_1705.json
[+] Uploading to S3...
[?] Uploaded to s3://tipping-monster/odds_snapshots/2025-06-04_1705.json
[+] Logged out
[+] Logging in...
[+] Fetching markets...
[+] Found 17 markets
[+] Fetching batch 1
[+] Fetching batch 2
[+] Saving 133 runner odds to odds_snapshots/2025-06-04_1805.json
[+] Uploading to S3...
[?] Uploaded to s3://tipping-monster/odds_snapshots/2025-06-04_1805.json
[+] Logged out
[+] Logging in...
[+] Fetching markets...
[+] Found 11 markets
[+] Fetching batch 1
[+] Fetching batch 2
[+] Saving 92 runner odds to odds_snapshots/2025-06-04_1905.json
[+] Uploading to S3...
[?] Uploaded to s3://tipping-monster/odds_snapshots/2025-06-04_1905.json
[+] Logged out
[+] Logging in...
[+] Fetching markets...
[+] Found 5 markets
[+] Fetching batch 1
[+] Saving 31 runner odds to odds_snapshots/2025-06-04_2005.json
[+] Uploading to S3...
[?] Uploaded to s3://tipping-monster/odds_snapshots/2025-06-04_2005.json
[+] Logged out
