/home/ec2-user/tipping-monster/build_sniper_schedule.py:69: FutureWarning: Passing literal json to 'read_json' is deprecated and will be removed in a future version. To read from a literal string, wrap it in a 'StringIO' object.
  df = pd.read_json(CARD_PATH, lines=True)
Traceback (most recent call last):
  File "/home/ec2-user/tipping-monster/build_sniper_schedule.py", line 69, in <module>
    df = pd.read_json(CARD_PATH, lines=True)
         ^^^^^^^^^^^^^^^^^^^^^^^^^^^^^^^^^^^
  File "/home/ec2-user/tipping-monster/.venv/lib/python3.11/site-packages/pandas/io/json/_json.py", line 815, in read_json
    return json_reader.read()
           ^^^^^^^^^^^^^^^^^^
  File "/home/ec2-user/tipping-monster/.venv/lib/python3.11/site-packages/pandas/io/json/_json.py", line 1023, in read
    obj = self._get_object_parser(self._combine_lines(data_lines))
          ^^^^^^^^^^^^^^^^^^^^^^^^^^^^^^^^^^^^^^^^^^^^^^^^^^^^^^^^
  File "/home/ec2-user/tipping-monster/.venv/lib/python3.11/site-packages/pandas/io/json/_json.py", line 1051, in _get_object_parser
    obj = FrameParser(json, **kwargs).parse()
          ^^^^^^^^^^^^^^^^^^^^^^^^^^^^^^^^^^^
  File "/home/ec2-user/tipping-monster/.venv/lib/python3.11/site-packages/pandas/io/json/_json.py", line 1187, in parse
    self._parse()
  File "/home/ec2-user/tipping-monster/.venv/lib/python3.11/site-packages/pandas/io/json/_json.py", line 1403, in _parse
    ujson_loads(json, precise_float=self.precise_float), dtype=None
    ^^^^^^^^^^^^^^^^^^^^^^^^^^^^^^^^^^^^^^^^^^^^^^^^^^^
ValueError: Expected object or value
✅ Saved sniper script: steam_sniper_schedule.sh
